[debug] [2022-11-06T08:07:57.482Z] ----------------------------------------------------------------------
[debug] [2022-11-06T08:07:57.484Z] Command:       C:\Program Files\nodejs\node.exe C:\Users\ElizabethOfulue\AppData\Roaming\npm\node_modules\firebase-tools\lib\bin\firebase.js init
[debug] [2022-11-06T08:07:57.485Z] CLI Version:   11.16.0
[debug] [2022-11-06T08:07:57.485Z] Platform:      win32
[debug] [2022-11-06T08:07:57.485Z] Node Version:  v18.12.0
[debug] [2022-11-06T08:07:57.486Z] Time:          Sun Nov 06 2022 09:07:57 GMT+0100 (West Africa Standard Time)
[debug] [2022-11-06T08:07:57.487Z] ----------------------------------------------------------------------
[debug] 
[debug] [2022-11-06T08:07:57.496Z] > command requires scopes: ["email","openid","https://www.googleapis.com/auth/cloudplatformprojects.readonly","https://www.googleapis.com/auth/firebase","https://www.googleapis.com/auth/cloud-platform"]
[debug] [2022-11-06T08:07:57.496Z] > authorizing via signed-in user (victorlegend99@gmail.com)
[info] 
     ######## #### ########  ######## ########     ###     ######  ########
     ##        ##  ##     ## ##       ##     ##  ##   ##  ##       ##
     ######    ##  ########  ######   ########  #########  ######  ######
     ##        ##  ##    ##  ##       ##     ## ##     ##       ## ##
     ##       #### ##     ## ######## ########  ##     ##  ######  ########

You're about to initialize a Firebase project in this directory:

  C:\Users\ElizabethOfulue\Desktop\counterapp

[info] 
=== Project Setup
[info] 
[info] First, let's associate this project directory with a Firebase project.
[info] You can create multiple project aliases by running firebase use --add, 
[info] but for now we'll just set up a default project.
[info] 
[debug] [2022-11-06T08:08:56.905Z] >>> [apiv2][query] GET https://firebase.googleapis.com/v1beta1/projects pageSize=100
[debug] [2022-11-06T08:08:57.785Z] <<< [apiv2][status] GET https://firebase.googleapis.com/v1beta1/projects 200
[debug] [2022-11-06T08:08:57.785Z] <<< [apiv2][body] GET https://firebase.googleapis.com/v1beta1/projects [omitted]
[info] i  Using project counter-app-8cd8c (Counter App) 
[info] 
=== Functions Setup
[debug] [2022-11-06T08:09:09.068Z] > command requires scopes: ["email","openid","https://www.googleapis.com/auth/cloudplatformprojects.readonly","https://www.googleapis.com/auth/firebase","https://www.googleapis.com/auth/cloud-platform"]
[debug] [2022-11-06T08:09:09.069Z] > authorizing via signed-in user (victorlegend99@gmail.com)
[debug] [2022-11-06T08:09:09.069Z] [iam] checking project counter-app-8cd8c for permissions ["firebase.projects.get"]
[debug] [2022-11-06T08:09:09.069Z] >>> [apiv2][query] POST https://cloudresourcemanager.googleapis.com/v1/projects/counter-app-8cd8c:testIamPermissions [none]
[debug] [2022-11-06T08:09:09.070Z] >>> [apiv2][(partial)header] POST https://cloudresourcemanager.googleapis.com/v1/projects/counter-app-8cd8c:testIamPermissions x-goog-quota-user=projects/counter-app-8cd8c
[debug] [2022-11-06T08:09:09.070Z] >>> [apiv2][body] POST https://cloudresourcemanager.googleapis.com/v1/projects/counter-app-8cd8c:testIamPermissions {"permissions":["firebase.projects.get"]}
[debug] [2022-11-06T08:09:10.594Z] <<< [apiv2][status] POST https://cloudresourcemanager.googleapis.com/v1/projects/counter-app-8cd8c:testIamPermissions 200
[debug] [2022-11-06T08:09:10.594Z] <<< [apiv2][body] POST https://cloudresourcemanager.googleapis.com/v1/projects/counter-app-8cd8c:testIamPermissions {"permissions":["firebase.projects.get"]}
[debug] [2022-11-06T08:09:10.595Z] >>> [apiv2][query] GET https://serviceusage.googleapis.com/v1/projects/counter-app-8cd8c/services/cloudfunctions.googleapis.com [none]
[debug] [2022-11-06T08:09:10.595Z] >>> [apiv2][(partial)header] GET https://serviceusage.googleapis.com/v1/projects/counter-app-8cd8c/services/cloudfunctions.googleapis.com x-goog-quota-user=projects/counter-app-8cd8c
[debug] [2022-11-06T08:09:10.597Z] >>> [apiv2][query] GET https://serviceusage.googleapis.com/v1/projects/counter-app-8cd8c/services/runtimeconfig.googleapis.com [none]
[debug] [2022-11-06T08:09:10.597Z] >>> [apiv2][(partial)header] GET https://serviceusage.googleapis.com/v1/projects/counter-app-8cd8c/services/runtimeconfig.googleapis.com x-goog-quota-user=projects/counter-app-8cd8c
[debug] [2022-11-06T08:09:11.799Z] <<< [apiv2][status] GET https://serviceusage.googleapis.com/v1/projects/counter-app-8cd8c/services/runtimeconfig.googleapis.com 200
[debug] [2022-11-06T08:09:11.800Z] <<< [apiv2][body] GET https://serviceusage.googleapis.com/v1/projects/counter-app-8cd8c/services/runtimeconfig.googleapis.com [omitted]
[debug] [2022-11-06T08:09:11.856Z] <<< [apiv2][status] GET https://serviceusage.googleapis.com/v1/projects/counter-app-8cd8c/services/cloudfunctions.googleapis.com 200
[debug] [2022-11-06T08:09:11.857Z] <<< [apiv2][body] GET https://serviceusage.googleapis.com/v1/projects/counter-app-8cd8c/services/cloudfunctions.googleapis.com [omitted]
[debug] [2022-11-06T08:09:11.858Z] >>> [apiv2][query] POST https://serviceusage.googleapis.com/v1/projects/counter-app-8cd8c/services/cloudfunctions.googleapis.com:enable [none]
[debug] [2022-11-06T08:09:11.858Z] >>> [apiv2][(partial)header] POST https://serviceusage.googleapis.com/v1/projects/counter-app-8cd8c/services/cloudfunctions.googleapis.com:enable x-goog-quota-user=projects/counter-app-8cd8c
[debug] [2022-11-06T08:09:13.835Z] <<< [apiv2][status] POST https://serviceusage.googleapis.com/v1/projects/counter-app-8cd8c/services/cloudfunctions.googleapis.com:enable 200
[debug] [2022-11-06T08:09:13.836Z] <<< [apiv2][body] POST https://serviceusage.googleapis.com/v1/projects/counter-app-8cd8c/services/cloudfunctions.googleapis.com:enable [omitted]
[debug] [2022-11-06T08:09:23.848Z] >>> [apiv2][query] GET https://serviceusage.googleapis.com/v1/projects/counter-app-8cd8c/services/cloudfunctions.googleapis.com [none]
[debug] [2022-11-06T08:09:23.848Z] >>> [apiv2][(partial)header] GET https://serviceusage.googleapis.com/v1/projects/counter-app-8cd8c/services/cloudfunctions.googleapis.com x-goog-quota-user=projects/counter-app-8cd8c
[debug] [2022-11-06T08:09:25.454Z] <<< [apiv2][status] GET https://serviceusage.googleapis.com/v1/projects/counter-app-8cd8c/services/cloudfunctions.googleapis.com 200
[debug] [2022-11-06T08:09:25.454Z] <<< [apiv2][body] GET https://serviceusage.googleapis.com/v1/projects/counter-app-8cd8c/services/cloudfunctions.googleapis.com [omitted]
[info] Let's create a new codebase for your functions.
[info] A directory corresponding to the codebase will be created in your project
[info] with sample code pre-configured.

[info] See https://firebase.google.com/docs/functions/organize-functions for
[info] more information on organizing your functions using codebases.

[info] Functions can be deployed with firebase deploy.

[info] +  Wrote functions/package.json 
[info] +  Wrote functions/.eslintrc.js 
[info] +  Wrote functions/index.js 
[info] +  Wrote functions/.gitignore 
[info] 
=== Hosting Setup
[info] 
[info] Your public directory is the folder (relative to your project directory) that
[info] will contain Hosting assets to be uploaded with firebase deploy. If you
[info] have a build process for your assets, use your build's output directory.
[info] 
[debug] [2022-11-06T08:17:43.614Z] Error: ENOTDIR: not a directory, scandir 'C:\Users\ElizabethOfulue\Desktop\counterapp\counterapp'
    at Object.readdirSync (node:fs:1451:3)
    at Object.createFileSync (C:\Users\ElizabethOfulue\AppData\Roaming\npm\node_modules\firebase-tools\node_modules\fs-extra\lib\ensure\file.js:55:10)
    at Config.writeProjectFile (C:\Users\ElizabethOfulue\AppData\Roaming\npm\node_modules\firebase-tools\lib\config.js:152:12)
    at C:\Users\ElizabethOfulue\AppData\Roaming\npm\node_modules\firebase-tools\lib\config.js:176:22
    at process.processTicksAndRejections (node:internal/process/task_queues:95:5)
    at async doSetup (C:\Users\ElizabethOfulue\AppData\Roaming\npm\node_modules\firebase-tools\lib\init\features\hosting\index.js:129:13)
    at async init (C:\Users\ElizabethOfulue\AppData\Roaming\npm\node_modules\firebase-tools\lib\init\index.js:36:9)
[error] 
[error] Error: An unexpected error has occurred.
